<?xml version="1.0" encoding="UTF-8"?>
<testng-results ignored="0" total="7" passed="7" failed="0" skipped="0">
  <reporter-output>
  </reporter-output>
  <suite started-at="2020-10-01T09:59:49 PET" name="cs2901.lab7.MineSweeperTest" finished-at="2020-10-01T09:59:49 PET" duration-ms="83">
    <groups>
    </groups>
    <test started-at="2020-10-01T09:59:49 PET" name="Command line test" finished-at="2020-10-01T09:59:49 PET" duration-ms="83">
      <class name="cs2901.lab7.MineSweeperTest">
        <test-method signature="testCase0()[pri:0, instance:cs2901.lab7.MineSweeperTest@11438d26]" started-at="2020-10-01T09:59:49 PET" name="testCase0" finished-at="2020-10-01T09:59:49 PET" duration-ms="25" status="PASS">
          <reporter-output>
          </reporter-output>
        </test-method> <!-- testCase0 -->
        <test-method signature="testCase1()[pri:0, instance:cs2901.lab7.MineSweeperTest@11438d26]" started-at="2020-10-01T09:59:49 PET" name="testCase1" finished-at="2020-10-01T09:59:49 PET" duration-ms="2" status="PASS">
          <reporter-output>
          </reporter-output>
        </test-method> <!-- testCase1 -->
        <test-method signature="testCase2()[pri:0, instance:cs2901.lab7.MineSweeperTest@11438d26]" started-at="2020-10-01T09:59:49 PET" name="testCase2" finished-at="2020-10-01T09:59:49 PET" duration-ms="31" status="PASS">
          <reporter-output>
          </reporter-output>
        </test-method> <!-- testCase2 -->
        <test-method signature="testCase3()[pri:0, instance:cs2901.lab7.MineSweeperTest@11438d26]" started-at="2020-10-01T09:59:49 PET" name="testCase3" finished-at="2020-10-01T09:59:49 PET" duration-ms="1" status="PASS">
          <reporter-output>
          </reporter-output>
        </test-method> <!-- testCase3 -->
        <test-method signature="testCase4()[pri:0, instance:cs2901.lab7.MineSweeperTest@11438d26]" started-at="2020-10-01T09:59:49 PET" name="testCase4" finished-at="2020-10-01T09:59:49 PET" duration-ms="1" status="PASS">
          <reporter-output>
          </reporter-output>
        </test-method> <!-- testCase4 -->
        <test-method signature="testCase5()[pri:0, instance:cs2901.lab7.MineSweeperTest@11438d26]" started-at="2020-10-01T09:59:49 PET" name="testCase5" finished-at="2020-10-01T09:59:49 PET" duration-ms="0" status="PASS">
          <reporter-output>
          </reporter-output>
        </test-method> <!-- testCase5 -->
        <test-method signature="testCase6()[pri:0, instance:cs2901.lab7.MineSweeperTest@11438d26]" started-at="2020-10-01T09:59:49 PET" name="testCase6" finished-at="2020-10-01T09:59:49 PET" duration-ms="1" status="PASS">
          <reporter-output>
          </reporter-output>
        </test-method> <!-- testCase6 -->
      </class> <!-- cs2901.lab7.MineSweeperTest -->
    </test> <!-- Command line test -->
  </suite> <!-- cs2901.lab7.MineSweeperTest -->
</testng-results>
