<?xml version="1.0" encoding="UTF-8"?>
<!-- Generated by org.testng.reporters.JUnitXMLReporter -->
<testsuite ignored="0" hostname="fabrizio-P65" failures="0" tests="7" name="Command line test" time="0.083" errors="0" timestamp="2020-10-01T09:59:49 PET">
  <testcase classname="cs2901.lab7.MineSweeperTest" name="testCase0" time="0.025"/>
  <testcase classname="cs2901.lab7.MineSweeperTest" name="testCase1" time="0.002"/>
  <testcase classname="cs2901.lab7.MineSweeperTest" name="testCase2" time="0.031"/>
  <testcase classname="cs2901.lab7.MineSweeperTest" name="testCase3" time="0.001"/>
  <testcase classname="cs2901.lab7.MineSweeperTest" name="testCase4" time="0.001"/>
  <testcase classname="cs2901.lab7.MineSweeperTest" name="testCase5" time="0.0"/>
  <testcase classname="cs2901.lab7.MineSweeperTest" name="testCase6" time="0.001"/>
</testsuite> <!-- Command line test -->
